2026-02-23 04:40:37,626 - main - INFO - === Logging system initialized ===
2026-02-23 04:40:37,626 - main - INFO - Log file: logs/app_20260223_044037.log
2026-02-23 04:40:37,626 - main - INFO - Log level: INFO
2026-02-23 04:40:37,626 - main - INFO - Timestamp: 20260223_044037
2026-02-23 04:40:37,628 - main - INFO - === Logging system initialized ===
2026-02-23 04:40:37,629 - main - INFO - Log file: logs/app_20260223_044037.log
2026-02-23 04:40:37,629 - main - INFO - Log level: INFO
2026-02-23 04:40:37,629 - main - INFO - Timestamp: 20260223_044037
2026-02-23 04:40:46,337 - main - INFO - Included router: routers.aihub.router
2026-02-23 04:40:46,339 - main - INFO - Included router: routers.aihub.router
2026-02-23 04:40:46,534 - main - INFO - Included router: routers.auth.router
2026-02-23 04:40:46,538 - main - INFO - Included router: routers.auth.router
2026-02-23 04:40:46,623 - main - INFO - Included router: routers.health.router
2026-02-23 04:40:46,624 - main - INFO - Included router: routers.health.router
2026-02-23 04:40:46,673 - main - INFO - Included router: routers.settings.router
2026-02-23 04:40:46,674 - main - INFO - Included router: routers.settings.router
2026-02-23 04:40:46,782 - main - INFO - Included router: routers.storage.router
2026-02-23 04:40:46,857 - main - INFO - Included router: routers.storage.router
2026-02-23 04:40:46,868 - main - INFO - Included router: routers.user.router
2026-02-23 04:40:46,869 - main - INFO - === Application startup initiated ===
2026-02-23 04:40:46,869 - services.database - DEBUG - [DB_OP] Starting database initialization
2026-02-23 04:40:46,869 - services.database - INFO - 🔧 Starting database initialization...
2026-02-23 04:40:46,869 - core.database - INFO - Starting database initialization...
2026-02-23 04:40:46,870 - core.config - DEBUG - Read dynamic attribute database_url from environment variable DATABASE_URL
2026-02-23 04:40:46,870 - core.database - INFO - Normalizing database URL for async compatibility...
2026-02-23 04:40:46,870 - core.database - INFO - Creating async database engine...
2026-02-23 04:40:46,871 - core.database - INFO - Using QueuePool with connection pooling for non-Lambda environment
2026-02-23 04:40:46,872 - main - INFO - Included router: routers.user.router
2026-02-23 04:40:46,874 - main - INFO - === Application startup initiated ===
2026-02-23 04:40:46,874 - services.database - DEBUG - [DB_OP] Starting database initialization
2026-02-23 04:40:46,874 - services.database - INFO - 🔧 Starting database initialization...
2026-02-23 04:40:46,874 - core.database - INFO - Starting database initialization...
2026-02-23 04:40:46,874 - core.config - DEBUG - Read dynamic attribute database_url from environment variable DATABASE_URL
2026-02-23 04:40:46,874 - core.database - INFO - Normalizing database URL for async compatibility...
2026-02-23 04:40:46,875 - core.database - INFO - Creating async database engine...
2026-02-23 04:40:46,875 - core.database - INFO - Using QueuePool with connection pooling for non-Lambda environment
2026-02-23 04:40:47,158 - core.database - INFO - Database engine created successfully
2026-02-23 04:40:47,159 - core.database - INFO - Creating async session maker...
2026-02-23 04:40:47,159 - core.database - INFO - Async session maker created successfully
2026-02-23 04:40:47,159 - core.database - INFO - Database connection initialized successfully
2026-02-23 04:40:47,159 - services.database - INFO - 🔧 Database connection initialized, now creating tables if tables not exist...
2026-02-23 04:40:47,159 - core.database - DEBUG - [DB_OP] Starting create_tables
2026-02-23 04:40:47,159 - core.database - INFO - 🔧 Starting table creation...
2026-02-23 04:40:47,159 - core.database - INFO - Database engine created successfully
2026-02-23 04:40:47,160 - core.database - INFO - Creating async session maker...
2026-02-23 04:40:47,160 - core.database - INFO - Async session maker created successfully
2026-02-23 04:40:47,160 - core.database - INFO - Database connection initialized successfully
2026-02-23 04:40:47,160 - services.database - INFO - 🔧 Database connection initialized, now creating tables if tables not exist...
2026-02-23 04:40:47,160 - core.database - DEBUG - [DB_OP] Starting create_tables
2026-02-23 04:40:47,160 - core.database - INFO - 🔧 Starting table creation...
2026-02-23 04:40:49,015 - core.database - INFO - Tables initialized successfully
2026-02-23 04:40:49,015 - core.database - DEBUG - [DB_OP] Create tables completed in 1.8551s
2026-02-23 04:40:49,075 - services.database - INFO - 🔧 Table creation completed
2026-02-23 04:40:49,075 - services.database - INFO - Database initialized successfully
2026-02-23 04:40:49,075 - services.database - DEBUG - [DB_OP] Database initialization completed in 2.2060s
2026-02-23 04:40:49,076 - services.mock_data - INFO - mock_data directory not found, skipping mock initialization
2026-02-23 04:40:49,076 - services.database - DEBUG - [DB_OP] Starting database initialization
2026-02-23 04:40:49,076 - services.database - INFO - 🔧 Starting database initialization...
2026-02-23 04:40:49,076 - core.database - INFO - Starting database initialization...
2026-02-23 04:40:49,076 - core.database - INFO - Database already initialized
2026-02-23 04:40:49,076 - services.database - INFO - 🔧 Database connection initialized, now creating tables if tables not exist...
2026-02-23 04:40:49,077 - core.database - DEBUG - [DB_OP] Starting create_tables
2026-02-23 04:40:49,077 - core.database - INFO - Tables already initialized
2026-02-23 04:40:49,077 - services.database - INFO - 🔧 Table creation completed
2026-02-23 04:40:49,077 - services.database - INFO - Database initialized successfully
2026-02-23 04:40:49,077 - services.database - DEBUG - [DB_OP] Database initialization completed in 0.0009s
2026-02-23 04:40:49,077 - core.config - DEBUG - Read dynamic attribute admin_user_id from environment variable ADMIN_USER_ID
2026-02-23 04:40:49,077 - core.config - DEBUG - Read dynamic attribute admin_user_email from environment variable ADMIN_USER_EMAIL
2026-02-23 04:40:49,137 - core.database - ERROR - Failed to create tables: (sqlalchemy.dialects.postgresql.asyncpg.IntegrityError) <class 'asyncpg.exceptions.UniqueViolationError'>: duplicate key value violates unique constraint "pg_type_typname_nsp_index"
DETAIL:  Key (typname, typnamespace)=(users, 2200) already exists.
[SQL: 
CREATE TABLE users (
	id VARCHAR(255) NOT NULL, 
	email VARCHAR(255) NOT NULL, 
	name VARCHAR(255), 
	role VARCHAR(50) NOT NULL, 
	created_at TIMESTAMP WITH TIME ZONE DEFAULT now(), 
	last_login TIMESTAMP WITH TIME ZONE, 
	PRIMARY KEY (id)
)

]
(Background on this error at: https://sqlalche.me/e/20/gkpj)
2026-02-23 04:40:49,138 - services.database - ERROR - Failed to initialize database: (sqlalchemy.dialects.postgresql.asyncpg.IntegrityError) <class 'asyncpg.exceptions.UniqueViolationError'>: duplicate key value violates unique constraint "pg_type_typname_nsp_index"
DETAIL:  Key (typname, typnamespace)=(users, 2200) already exists.
[SQL: 
CREATE TABLE users (
	id VARCHAR(255) NOT NULL, 
	email VARCHAR(255) NOT NULL, 
	name VARCHAR(255), 
	role VARCHAR(50) NOT NULL, 
	created_at TIMESTAMP WITH TIME ZONE DEFAULT now(), 
	last_login TIMESTAMP WITH TIME ZONE, 
	PRIMARY KEY (id)
)

]
(Background on this error at: https://sqlalche.me/e/20/gkpj)
2026-02-23 04:40:49,684 - services.auth - DEBUG - Created admin user: 983530 with email: winley13@gmail.com
2026-02-23 04:40:49,685 - main - INFO - === Application startup completed successfully ===
2026-02-23 04:41:38,265 - services.database - DEBUG - [DB_OP] Starting database close
2026-02-23 04:41:38,328 - core.database - INFO - Database connection closed and engine disposed
2026-02-23 04:41:38,329 - services.database - INFO - Database connections closed
2026-02-23 04:41:38,329 - services.database - DEBUG - [DB_OP] Database close completed in 0.0639s
