2026-02-23 09:52:02,492 - main - INFO - === Logging system initialized ===
2026-02-23 09:52:02,493 - main - INFO - Log file: logs/app_20260223_095202.log
2026-02-23 09:52:02,493 - main - INFO - Log level: INFO
2026-02-23 09:52:02,493 - main - INFO - Timestamp: 20260223_095202
2026-02-23 09:52:03,340 - main - INFO - Included router: routers.aihub.router
2026-02-23 09:52:03,365 - main - INFO - Included router: routers.auth.router
2026-02-23 09:52:03,368 - main - INFO - Included router: routers.health.router
2026-02-23 09:52:03,390 - main - INFO - Included router: routers.settings.router
2026-02-23 09:52:03,533 - main - INFO - Included router: routers.storage.router
2026-02-23 09:52:03,551 - main - INFO - Included router: routers.user.router
2026-02-23 09:52:03,553 - main - INFO - === Application startup initiated ===
2026-02-23 09:52:03,553 - services.database - DEBUG - [DB_OP] Starting database initialization
2026-02-23 09:52:03,553 - services.database - INFO - 🔧 Starting database initialization...
2026-02-23 09:52:03,553 - core.database - INFO - Starting database initialization...
2026-02-23 09:52:03,554 - core.config - DEBUG - Read dynamic attribute database_url from environment variable DATABASE_URL
2026-02-23 09:52:03,554 - core.database - INFO - Normalizing database URL for async compatibility...
2026-02-23 09:52:03,555 - core.database - INFO - Creating async database engine...
2026-02-23 09:52:03,555 - core.database - INFO - Using QueuePool with connection pooling for non-Lambda environment
2026-02-23 09:52:03,601 - core.database - INFO - Database engine created successfully
2026-02-23 09:52:03,602 - core.database - INFO - Creating async session maker...
2026-02-23 09:52:03,602 - core.database - INFO - Async session maker created successfully
2026-02-23 09:52:03,602 - core.database - INFO - Database connection initialized successfully
2026-02-23 09:52:03,602 - services.database - INFO - 🔧 Database connection initialized, now creating tables if tables not exist...
2026-02-23 09:52:03,602 - core.database - DEBUG - [DB_OP] Starting create_tables
2026-02-23 09:52:03,602 - core.database - INFO - 🔧 Starting table creation...
2026-02-23 09:52:04,966 - core.database - INFO - Tables initialized successfully
2026-02-23 09:52:04,967 - core.database - DEBUG - [DB_OP] Create tables completed in 1.3649s
2026-02-23 09:52:05,032 - services.database - INFO - 🔧 Table creation completed
2026-02-23 09:52:05,033 - services.database - INFO - Database initialized successfully
2026-02-23 09:52:05,033 - services.database - DEBUG - [DB_OP] Database initialization completed in 1.4805s
2026-02-23 09:52:05,034 - services.mock_data - INFO - mock_data directory not found, skipping mock initialization
2026-02-23 09:52:05,034 - services.database - DEBUG - [DB_OP] Starting database initialization
2026-02-23 09:52:05,034 - services.database - INFO - 🔧 Starting database initialization...
2026-02-23 09:52:05,034 - core.database - INFO - Starting database initialization...
2026-02-23 09:52:05,034 - core.database - INFO - Database already initialized
2026-02-23 09:52:05,034 - services.database - INFO - 🔧 Database connection initialized, now creating tables if tables not exist...
2026-02-23 09:52:05,034 - core.database - DEBUG - [DB_OP] Starting create_tables
2026-02-23 09:52:05,034 - core.database - INFO - Tables already initialized
2026-02-23 09:52:05,034 - services.database - INFO - 🔧 Table creation completed
2026-02-23 09:52:05,034 - services.database - INFO - Database initialized successfully
2026-02-23 09:52:05,034 - services.database - DEBUG - [DB_OP] Database initialization completed in 0.0006s
2026-02-23 09:52:05,035 - core.config - DEBUG - Read dynamic attribute admin_user_id from environment variable ADMIN_USER_ID
2026-02-23 09:52:05,035 - core.config - DEBUG - Read dynamic attribute admin_user_email from environment variable ADMIN_USER_EMAIL
2026-02-23 09:52:05,496 - services.auth - DEBUG - Admin user 983530 already exists
2026-02-23 09:52:05,561 - main - INFO - === Application startup completed successfully ===
2026-02-23 10:02:39,704 - services.database - DEBUG - [DB_OP] Starting database close
2026-02-23 10:02:39,705 - core.database - INFO - Database connection closed and engine disposed
2026-02-23 10:02:39,705 - services.database - INFO - Database connections closed
2026-02-23 10:02:39,706 - services.database - DEBUG - [DB_OP] Database close completed in 0.0015s
