2026-02-23 05:35:26,780 - main - INFO - === Logging system initialized ===
2026-02-23 05:35:26,780 - main - INFO - Log file: logs/app_20260223_053526.log
2026-02-23 05:35:26,781 - main - INFO - Log level: INFO
2026-02-23 05:35:26,781 - main - INFO - Timestamp: 20260223_053526
2026-02-23 05:35:43,256 - main - INFO - Included router: routers.aihub.router
2026-02-23 05:35:43,278 - main - INFO - Included router: routers.auth.router
2026-02-23 05:35:43,280 - main - INFO - Included router: routers.health.router
2026-02-23 05:35:43,299 - main - INFO - Included router: routers.settings.router
2026-02-23 05:35:43,517 - main - INFO - Included router: routers.storage.router
2026-02-23 05:35:43,576 - main - INFO - Included router: routers.user.router
2026-02-23 05:35:43,578 - main - INFO - === Application startup initiated ===
2026-02-23 05:35:43,578 - services.database - DEBUG - [DB_OP] Starting database initialization
2026-02-23 05:35:43,578 - services.database - INFO - 🔧 Starting database initialization...
2026-02-23 05:35:43,578 - core.database - INFO - Starting database initialization...
2026-02-23 05:35:43,579 - core.config - DEBUG - Read dynamic attribute database_url from environment variable DATABASE_URL
2026-02-23 05:35:43,579 - core.database - INFO - Normalizing database URL for async compatibility...
2026-02-23 05:35:43,580 - core.database - INFO - Creating async database engine...
2026-02-23 05:35:43,580 - core.database - INFO - Using QueuePool with connection pooling for non-Lambda environment
2026-02-23 05:35:44,048 - core.database - INFO - Database engine created successfully
2026-02-23 05:35:44,049 - core.database - INFO - Creating async session maker...
2026-02-23 05:35:44,049 - core.database - INFO - Async session maker created successfully
2026-02-23 05:35:44,049 - core.database - INFO - Database connection initialized successfully
2026-02-23 05:35:44,049 - services.database - INFO - 🔧 Database connection initialized, now creating tables if tables not exist...
2026-02-23 05:35:44,050 - core.database - DEBUG - [DB_OP] Starting create_tables
2026-02-23 05:35:44,050 - core.database - INFO - 🔧 Starting table creation...
2026-02-23 05:35:45,746 - core.database - INFO - Tables initialized successfully
2026-02-23 05:35:45,746 - core.database - DEBUG - [DB_OP] Create tables completed in 1.6965s
2026-02-23 05:35:45,807 - services.database - INFO - 🔧 Table creation completed
2026-02-23 05:35:45,807 - services.database - INFO - Database initialized successfully
2026-02-23 05:35:45,807 - services.database - DEBUG - [DB_OP] Database initialization completed in 2.2292s
2026-02-23 05:35:45,808 - services.mock_data - INFO - mock_data directory not found, skipping mock initialization
2026-02-23 05:35:45,808 - services.database - DEBUG - [DB_OP] Starting database initialization
2026-02-23 05:35:45,808 - services.database - INFO - 🔧 Starting database initialization...
2026-02-23 05:35:45,808 - core.database - INFO - Starting database initialization...
2026-02-23 05:35:45,808 - core.database - INFO - Database already initialized
2026-02-23 05:35:45,808 - services.database - INFO - 🔧 Database connection initialized, now creating tables if tables not exist...
2026-02-23 05:35:45,808 - core.database - DEBUG - [DB_OP] Starting create_tables
2026-02-23 05:35:45,809 - core.database - INFO - Tables already initialized
2026-02-23 05:35:45,809 - services.database - INFO - 🔧 Table creation completed
2026-02-23 05:35:45,809 - services.database - INFO - Database initialized successfully
2026-02-23 05:35:45,809 - services.database - DEBUG - [DB_OP] Database initialization completed in 0.0010s
2026-02-23 05:35:45,809 - core.config - DEBUG - Read dynamic attribute admin_user_id from environment variable ADMIN_USER_ID
2026-02-23 05:35:45,809 - core.config - DEBUG - Read dynamic attribute admin_user_email from environment variable ADMIN_USER_EMAIL
2026-02-23 05:35:46,263 - services.auth - DEBUG - Admin user 983530 already exists
2026-02-23 05:35:46,324 - main - INFO - === Application startup completed successfully ===
2026-02-23 05:35:46,425 - services.database - DEBUG - [DB_OP] Starting database close
2026-02-23 05:35:46,491 - core.database - INFO - Database connection closed and engine disposed
2026-02-23 05:35:46,492 - services.database - INFO - Database connections closed
2026-02-23 05:35:46,492 - services.database - DEBUG - [DB_OP] Database close completed in 0.0673s
