2026-02-23 09:51:34,884 - main - INFO - === Logging system initialized ===
2026-02-23 09:51:34,884 - main - INFO - Log file: logs/app_20260223_095134.log
2026-02-23 09:51:34,884 - main - INFO - Log level: INFO
2026-02-23 09:51:34,884 - main - INFO - Timestamp: 20260223_095134
2026-02-23 09:51:35,732 - main - INFO - Included router: routers.aihub.router
2026-02-23 09:51:35,755 - main - INFO - Included router: routers.auth.router
2026-02-23 09:51:35,757 - main - INFO - Included router: routers.health.router
2026-02-23 09:51:35,777 - main - INFO - Included router: routers.settings.router
2026-02-23 09:51:35,901 - main - INFO - Included router: routers.storage.router
2026-02-23 09:51:35,911 - main - INFO - Included router: routers.user.router
2026-02-23 09:51:35,912 - main - INFO - === Application startup initiated ===
2026-02-23 09:51:35,913 - services.database - DEBUG - [DB_OP] Starting database initialization
2026-02-23 09:51:35,913 - services.database - INFO - 🔧 Starting database initialization...
2026-02-23 09:51:35,913 - core.database - INFO - Starting database initialization...
2026-02-23 09:51:35,913 - core.config - DEBUG - Read dynamic attribute database_url from environment variable DATABASE_URL
2026-02-23 09:51:35,914 - core.database - INFO - Normalizing database URL for async compatibility...
2026-02-23 09:51:35,914 - core.database - INFO - Creating async database engine...
2026-02-23 09:51:35,915 - core.database - INFO - Using QueuePool with connection pooling for non-Lambda environment
2026-02-23 09:51:35,960 - core.database - INFO - Database engine created successfully
2026-02-23 09:51:35,960 - core.database - INFO - Creating async session maker...
2026-02-23 09:51:35,960 - core.database - INFO - Async session maker created successfully
2026-02-23 09:51:35,960 - core.database - INFO - Database connection initialized successfully
2026-02-23 09:51:35,960 - services.database - INFO - 🔧 Database connection initialized, now creating tables if tables not exist...
2026-02-23 09:51:35,960 - core.database - DEBUG - [DB_OP] Starting create_tables
2026-02-23 09:51:35,960 - core.database - INFO - 🔧 Starting table creation...
2026-02-23 09:51:37,325 - core.database - INFO - Tables initialized successfully
2026-02-23 09:51:37,326 - core.database - DEBUG - [DB_OP] Create tables completed in 1.3653s
2026-02-23 09:51:37,391 - services.database - INFO - 🔧 Table creation completed
2026-02-23 09:51:37,391 - services.database - INFO - Database initialized successfully
2026-02-23 09:51:37,391 - services.database - DEBUG - [DB_OP] Database initialization completed in 1.4787s
2026-02-23 09:51:37,392 - services.mock_data - INFO - mock_data directory not found, skipping mock initialization
2026-02-23 09:51:37,392 - services.database - DEBUG - [DB_OP] Starting database initialization
2026-02-23 09:51:37,392 - services.database - INFO - 🔧 Starting database initialization...
2026-02-23 09:51:37,393 - core.database - INFO - Starting database initialization...
2026-02-23 09:51:37,393 - core.database - INFO - Database already initialized
2026-02-23 09:51:37,393 - services.database - INFO - 🔧 Database connection initialized, now creating tables if tables not exist...
2026-02-23 09:51:37,394 - core.database - DEBUG - [DB_OP] Starting create_tables
2026-02-23 09:51:37,394 - core.database - INFO - Tables already initialized
2026-02-23 09:51:37,394 - services.database - INFO - 🔧 Table creation completed
2026-02-23 09:51:37,394 - services.database - INFO - Database initialized successfully
2026-02-23 09:51:37,394 - services.database - DEBUG - [DB_OP] Database initialization completed in 0.0022s
2026-02-23 09:51:37,395 - core.config - DEBUG - Read dynamic attribute admin_user_id from environment variable ADMIN_USER_ID
2026-02-23 09:51:37,395 - core.config - DEBUG - Read dynamic attribute admin_user_email from environment variable ADMIN_USER_EMAIL
2026-02-23 09:51:37,851 - services.auth - DEBUG - Admin user 983530 already exists
2026-02-23 09:51:37,918 - main - INFO - === Application startup completed successfully ===
2026-02-23 09:51:47,164 - services.database - DEBUG - [DB_OP] Starting database close
2026-02-23 09:51:47,233 - core.database - INFO - Database connection closed and engine disposed
2026-02-23 09:51:47,234 - services.database - INFO - Database connections closed
2026-02-23 09:51:47,235 - services.database - DEBUG - [DB_OP] Database close completed in 0.0712s
