2026-02-23 09:50:37,906 - main - INFO - === Logging system initialized ===
2026-02-23 09:50:37,906 - main - INFO - Log file: logs/app_20260223_095037.log
2026-02-23 09:50:37,906 - main - INFO - Log level: INFO
2026-02-23 09:50:37,906 - main - INFO - Timestamp: 20260223_095037
2026-02-23 09:50:53,769 - main - INFO - Included router: routers.aihub.router
2026-02-23 09:50:53,873 - main - INFO - Included router: routers.auth.router
2026-02-23 09:50:53,881 - main - INFO - Included router: routers.health.router
2026-02-23 09:50:53,909 - main - INFO - Included router: routers.settings.router
2026-02-23 09:50:54,044 - main - INFO - Included router: routers.storage.router
2026-02-23 09:50:54,113 - main - INFO - Included router: routers.user.router
2026-02-23 09:50:54,120 - main - INFO - === Application startup initiated ===
2026-02-23 09:50:54,121 - services.database - DEBUG - [DB_OP] Starting database initialization
2026-02-23 09:50:54,121 - services.database - INFO - 🔧 Starting database initialization...
2026-02-23 09:50:54,121 - core.database - INFO - Starting database initialization...
2026-02-23 09:50:54,122 - core.config - DEBUG - Read dynamic attribute database_url from environment variable DATABASE_URL
2026-02-23 09:50:54,122 - core.database - INFO - Normalizing database URL for async compatibility...
2026-02-23 09:50:54,124 - core.database - INFO - Creating async database engine...
2026-02-23 09:50:54,124 - core.database - INFO - Using QueuePool with connection pooling for non-Lambda environment
2026-02-23 09:50:54,803 - core.database - INFO - Database engine created successfully
2026-02-23 09:50:54,804 - core.database - INFO - Creating async session maker...
2026-02-23 09:50:54,806 - core.database - INFO - Async session maker created successfully
2026-02-23 09:50:54,806 - core.database - INFO - Database connection initialized successfully
2026-02-23 09:50:54,809 - services.database - INFO - 🔧 Database connection initialized, now creating tables if tables not exist...
2026-02-23 09:50:54,809 - core.database - DEBUG - [DB_OP] Starting create_tables
2026-02-23 09:50:54,810 - core.database - INFO - 🔧 Starting table creation...
2026-02-23 09:50:56,500 - core.database - INFO - Tables initialized successfully
2026-02-23 09:50:56,500 - core.database - DEBUG - [DB_OP] Create tables completed in 1.6907s
2026-02-23 09:50:56,560 - services.database - INFO - 🔧 Table creation completed
2026-02-23 09:50:56,560 - services.database - INFO - Database initialized successfully
2026-02-23 09:50:56,560 - services.database - DEBUG - [DB_OP] Database initialization completed in 2.4397s
2026-02-23 09:50:56,562 - services.mock_data - INFO - mock_data directory not found, skipping mock initialization
2026-02-23 09:50:56,562 - services.database - DEBUG - [DB_OP] Starting database initialization
2026-02-23 09:50:56,563 - services.database - INFO - 🔧 Starting database initialization...
2026-02-23 09:50:56,563 - core.database - INFO - Starting database initialization...
2026-02-23 09:50:56,564 - core.database - INFO - Database already initialized
2026-02-23 09:50:56,564 - services.database - INFO - 🔧 Database connection initialized, now creating tables if tables not exist...
2026-02-23 09:50:56,564 - core.database - DEBUG - [DB_OP] Starting create_tables
2026-02-23 09:50:56,564 - core.database - INFO - Tables already initialized
2026-02-23 09:50:56,565 - services.database - INFO - 🔧 Table creation completed
2026-02-23 09:50:56,565 - services.database - INFO - Database initialized successfully
2026-02-23 09:50:56,565 - services.database - DEBUG - [DB_OP] Database initialization completed in 0.0028s
2026-02-23 09:50:56,565 - core.config - DEBUG - Read dynamic attribute admin_user_id from environment variable ADMIN_USER_ID
2026-02-23 09:50:56,566 - core.config - DEBUG - Read dynamic attribute admin_user_email from environment variable ADMIN_USER_EMAIL
2026-02-23 09:50:57,000 - services.auth - DEBUG - Admin user 983530 already exists
2026-02-23 09:50:57,060 - main - INFO - === Application startup completed successfully ===
2026-02-23 09:51:19,303 - services.database - DEBUG - [DB_OP] Starting database close
2026-02-23 09:51:19,377 - core.database - INFO - Database connection closed and engine disposed
2026-02-23 09:51:19,377 - services.database - INFO - Database connections closed
2026-02-23 09:51:19,377 - services.database - DEBUG - [DB_OP] Database close completed in 0.0740s
