2026-02-23 05:35:31,221 - main - INFO - === Logging system initialized ===
2026-02-23 05:35:31,221 - main - INFO - Log file: logs/app_20260223_053531.log
2026-02-23 05:35:31,222 - main - INFO - Log level: INFO
2026-02-23 05:35:31,222 - main - INFO - Timestamp: 20260223_053531
2026-02-23 05:35:43,257 - main - INFO - Included router: routers.aihub.router
2026-02-23 05:35:43,275 - main - INFO - Included router: routers.auth.router
2026-02-23 05:35:43,277 - main - INFO - Included router: routers.health.router
2026-02-23 05:35:43,296 - main - INFO - Included router: routers.settings.router
2026-02-23 05:35:43,529 - main - INFO - Included router: routers.storage.router
2026-02-23 05:35:43,577 - main - INFO - Included router: routers.user.router
2026-02-23 05:35:43,579 - main - INFO - === Application startup initiated ===
2026-02-23 05:35:43,579 - services.database - DEBUG - [DB_OP] Starting database initialization
2026-02-23 05:35:43,579 - services.database - INFO - 🔧 Starting database initialization...
2026-02-23 05:35:43,579 - core.database - INFO - Starting database initialization...
2026-02-23 05:35:43,579 - core.config - DEBUG - Read dynamic attribute database_url from environment variable DATABASE_URL
2026-02-23 05:35:43,580 - core.database - INFO - Normalizing database URL for async compatibility...
2026-02-23 05:35:43,581 - core.database - INFO - Creating async database engine...
2026-02-23 05:35:43,581 - core.database - INFO - Using QueuePool with connection pooling for non-Lambda environment
2026-02-23 05:35:44,048 - core.database - INFO - Database engine created successfully
2026-02-23 05:35:44,048 - core.database - INFO - Creating async session maker...
2026-02-23 05:35:44,048 - core.database - INFO - Async session maker created successfully
2026-02-23 05:35:44,048 - core.database - INFO - Database connection initialized successfully
2026-02-23 05:35:44,048 - services.database - INFO - 🔧 Database connection initialized, now creating tables if tables not exist...
2026-02-23 05:35:44,049 - core.database - DEBUG - [DB_OP] Starting create_tables
2026-02-23 05:35:44,049 - core.database - INFO - 🔧 Starting table creation...
2026-02-23 05:35:45,746 - core.database - INFO - Tables initialized successfully
2026-02-23 05:35:45,746 - core.database - DEBUG - [DB_OP] Create tables completed in 1.6977s
2026-02-23 05:35:45,806 - services.database - INFO - 🔧 Table creation completed
2026-02-23 05:35:45,807 - services.database - INFO - Database initialized successfully
2026-02-23 05:35:45,807 - services.database - DEBUG - [DB_OP] Database initialization completed in 2.2284s
2026-02-23 05:35:45,808 - services.mock_data - INFO - mock_data directory not found, skipping mock initialization
2026-02-23 05:35:45,808 - services.database - DEBUG - [DB_OP] Starting database initialization
2026-02-23 05:35:45,808 - services.database - INFO - 🔧 Starting database initialization...
2026-02-23 05:35:45,808 - core.database - INFO - Starting database initialization...
2026-02-23 05:35:45,808 - core.database - INFO - Database already initialized
2026-02-23 05:35:45,808 - services.database - INFO - 🔧 Database connection initialized, now creating tables if tables not exist...
2026-02-23 05:35:45,808 - core.database - DEBUG - [DB_OP] Starting create_tables
2026-02-23 05:35:45,808 - core.database - INFO - Tables already initialized
2026-02-23 05:35:45,808 - services.database - INFO - 🔧 Table creation completed
2026-02-23 05:35:45,808 - services.database - INFO - Database initialized successfully
2026-02-23 05:35:45,809 - services.database - DEBUG - [DB_OP] Database initialization completed in 0.0008s
2026-02-23 05:35:45,809 - core.config - DEBUG - Read dynamic attribute admin_user_id from environment variable ADMIN_USER_ID
2026-02-23 05:35:45,809 - core.config - DEBUG - Read dynamic attribute admin_user_email from environment variable ADMIN_USER_EMAIL
2026-02-23 05:35:46,263 - services.auth - DEBUG - Admin user 983530 already exists
2026-02-23 05:35:46,324 - main - INFO - === Application startup completed successfully ===
2026-02-23 05:35:46,425 - services.database - DEBUG - [DB_OP] Starting database close
2026-02-23 05:35:46,490 - core.database - INFO - Database connection closed and engine disposed
2026-02-23 05:35:46,491 - services.database - INFO - Database connections closed
2026-02-23 05:35:46,491 - services.database - DEBUG - [DB_OP] Database close completed in 0.0653s
