2026-02-23 07:25:16,747 - main - INFO - === Logging system initialized ===
2026-02-23 07:25:16,748 - main - INFO - Log file: logs/app_20260223_072516.log
2026-02-23 07:25:16,748 - main - INFO - Log level: INFO
2026-02-23 07:25:16,748 - main - INFO - Timestamp: 20260223_072516
2026-02-23 07:25:27,202 - main - INFO - Included router: routers.aihub.router
2026-02-23 07:25:27,274 - main - INFO - Included router: routers.auth.router
2026-02-23 07:25:27,282 - main - INFO - Included router: routers.health.router
2026-02-23 07:25:27,306 - main - INFO - Included router: routers.settings.router
2026-02-23 07:25:27,467 - main - INFO - Included router: routers.storage.router
2026-02-23 07:25:27,544 - main - INFO - Included router: routers.user.router
2026-02-23 07:25:27,545 - main - INFO - === Application startup initiated ===
2026-02-23 07:25:27,546 - services.database - DEBUG - [DB_OP] Starting database initialization
2026-02-23 07:25:27,546 - services.database - INFO - 🔧 Starting database initialization...
2026-02-23 07:25:27,546 - core.database - INFO - Starting database initialization...
2026-02-23 07:25:27,546 - core.config - DEBUG - Read dynamic attribute database_url from environment variable DATABASE_URL
2026-02-23 07:25:27,546 - core.database - INFO - Normalizing database URL for async compatibility...
2026-02-23 07:25:27,548 - core.database - INFO - Creating async database engine...
2026-02-23 07:25:27,548 - core.database - INFO - Using QueuePool with connection pooling for non-Lambda environment
2026-02-23 07:25:27,888 - core.database - INFO - Database engine created successfully
2026-02-23 07:25:27,888 - core.database - INFO - Creating async session maker...
2026-02-23 07:25:27,888 - core.database - INFO - Async session maker created successfully
2026-02-23 07:25:27,888 - core.database - INFO - Database connection initialized successfully
2026-02-23 07:25:27,889 - services.database - INFO - 🔧 Database connection initialized, now creating tables if tables not exist...
2026-02-23 07:25:27,889 - core.database - DEBUG - [DB_OP] Starting create_tables
2026-02-23 07:25:27,889 - core.database - INFO - 🔧 Starting table creation...
2026-02-23 07:25:29,591 - core.database - INFO - Tables initialized successfully
2026-02-23 07:25:29,592 - core.database - DEBUG - [DB_OP] Create tables completed in 1.7029s
2026-02-23 07:25:29,655 - services.database - INFO - 🔧 Table creation completed
2026-02-23 07:25:29,656 - services.database - INFO - Database initialized successfully
2026-02-23 07:25:29,656 - services.database - DEBUG - [DB_OP] Database initialization completed in 2.1102s
2026-02-23 07:25:29,656 - services.mock_data - INFO - mock_data directory not found, skipping mock initialization
2026-02-23 07:25:29,657 - services.database - DEBUG - [DB_OP] Starting database initialization
2026-02-23 07:25:29,657 - services.database - INFO - 🔧 Starting database initialization...
2026-02-23 07:25:29,657 - core.database - INFO - Starting database initialization...
2026-02-23 07:25:29,657 - core.database - INFO - Database already initialized
2026-02-23 07:25:29,657 - services.database - INFO - 🔧 Database connection initialized, now creating tables if tables not exist...
2026-02-23 07:25:29,657 - core.database - DEBUG - [DB_OP] Starting create_tables
2026-02-23 07:25:29,658 - core.database - INFO - Tables already initialized
2026-02-23 07:25:29,658 - services.database - INFO - 🔧 Table creation completed
2026-02-23 07:25:29,658 - services.database - INFO - Database initialized successfully
2026-02-23 07:25:29,658 - services.database - DEBUG - [DB_OP] Database initialization completed in 0.0015s
2026-02-23 07:25:29,658 - core.config - DEBUG - Read dynamic attribute admin_user_id from environment variable ADMIN_USER_ID
2026-02-23 07:25:29,658 - core.config - DEBUG - Read dynamic attribute admin_user_email from environment variable ADMIN_USER_EMAIL
2026-02-23 07:25:30,109 - services.auth - DEBUG - Admin user 983530 already exists
2026-02-23 07:25:30,173 - main - INFO - === Application startup completed successfully ===
2026-02-23 07:34:38,731 - services.database - DEBUG - [DB_OP] Starting database close
2026-02-23 07:34:38,732 - core.database - INFO - Database connection closed and engine disposed
2026-02-23 07:34:38,732 - services.database - INFO - Database connections closed
2026-02-23 07:34:38,733 - services.database - DEBUG - [DB_OP] Database close completed in 0.0014s
