2026-02-23 10:09:42,455 - main - INFO - === Logging system initialized ===
2026-02-23 10:09:42,456 - main - INFO - Log file: logs/app_20260223_100942.log
2026-02-23 10:09:42,456 - main - INFO - Log level: INFO
2026-02-23 10:09:42,456 - main - INFO - Timestamp: 20260223_100942
2026-02-23 10:09:43,280 - main - INFO - Included router: routers.aihub.router
2026-02-23 10:09:43,306 - main - INFO - Included router: routers.auth.router
2026-02-23 10:09:43,308 - main - INFO - Included router: routers.health.router
2026-02-23 10:09:43,338 - main - INFO - Included router: routers.settings.router
2026-02-23 10:09:43,499 - main - INFO - Included router: routers.storage.router
2026-02-23 10:09:43,511 - main - INFO - Included router: routers.user.router
2026-02-23 10:09:43,512 - main - INFO - === Application startup initiated ===
2026-02-23 10:09:43,513 - services.database - DEBUG - [DB_OP] Starting database initialization
2026-02-23 10:09:43,513 - services.database - INFO - 🔧 Starting database initialization...
2026-02-23 10:09:43,513 - core.database - INFO - Starting database initialization...
2026-02-23 10:09:43,513 - core.config - DEBUG - Read dynamic attribute database_url from environment variable DATABASE_URL
2026-02-23 10:09:43,513 - core.database - INFO - Normalizing database URL for async compatibility...
2026-02-23 10:09:43,514 - core.database - INFO - Creating async database engine...
2026-02-23 10:09:43,515 - core.database - INFO - Using QueuePool with connection pooling for non-Lambda environment
2026-02-23 10:09:43,573 - core.database - INFO - Database engine created successfully
2026-02-23 10:09:43,573 - core.database - INFO - Creating async session maker...
2026-02-23 10:09:43,573 - core.database - INFO - Async session maker created successfully
2026-02-23 10:09:43,574 - core.database - INFO - Database connection initialized successfully
2026-02-23 10:09:43,574 - services.database - INFO - 🔧 Database connection initialized, now creating tables if tables not exist...
2026-02-23 10:09:43,574 - core.database - DEBUG - [DB_OP] Starting create_tables
2026-02-23 10:09:43,574 - core.database - INFO - 🔧 Starting table creation...
2026-02-23 10:09:44,868 - core.database - INFO - Tables initialized successfully
2026-02-23 10:09:44,868 - core.database - DEBUG - [DB_OP] Create tables completed in 1.2944s
2026-02-23 10:09:44,930 - services.database - INFO - 🔧 Table creation completed
2026-02-23 10:09:44,930 - services.database - INFO - Database initialized successfully
2026-02-23 10:09:44,930 - services.database - DEBUG - [DB_OP] Database initialization completed in 1.4176s
2026-02-23 10:09:44,931 - services.mock_data - INFO - mock_data directory not found, skipping mock initialization
2026-02-23 10:09:44,931 - services.database - DEBUG - [DB_OP] Starting database initialization
2026-02-23 10:09:44,931 - services.database - INFO - 🔧 Starting database initialization...
2026-02-23 10:09:44,932 - core.database - INFO - Starting database initialization...
2026-02-23 10:09:44,932 - core.database - INFO - Database already initialized
2026-02-23 10:09:44,932 - services.database - INFO - 🔧 Database connection initialized, now creating tables if tables not exist...
2026-02-23 10:09:44,932 - core.database - DEBUG - [DB_OP] Starting create_tables
2026-02-23 10:09:44,932 - core.database - INFO - Tables already initialized
2026-02-23 10:09:44,932 - services.database - INFO - 🔧 Table creation completed
2026-02-23 10:09:44,932 - services.database - INFO - Database initialized successfully
2026-02-23 10:09:44,933 - services.database - DEBUG - [DB_OP] Database initialization completed in 0.0016s
2026-02-23 10:09:44,933 - core.config - DEBUG - Read dynamic attribute admin_user_id from environment variable ADMIN_USER_ID
2026-02-23 10:09:44,933 - core.config - DEBUG - Read dynamic attribute admin_user_email from environment variable ADMIN_USER_EMAIL
2026-02-23 10:09:45,371 - services.auth - DEBUG - Admin user 983530 already exists
2026-02-23 10:09:45,434 - main - INFO - === Application startup completed successfully ===
