2026-02-23 04:41:49,522 - main - INFO - === Logging system initialized ===
2026-02-23 04:41:49,522 - main - INFO - Log file: logs/app_20260223_044149.log
2026-02-23 04:41:49,523 - main - INFO - Log level: INFO
2026-02-23 04:41:49,523 - main - INFO - Timestamp: 20260223_044149
2026-02-23 04:41:50,193 - main - INFO - Included router: routers.aihub.router
2026-02-23 04:41:50,209 - main - INFO - Included router: routers.auth.router
2026-02-23 04:41:50,210 - main - INFO - Included router: routers.health.router
2026-02-23 04:41:50,228 - main - INFO - Included router: routers.settings.router
2026-02-23 04:41:50,310 - main - INFO - Included router: routers.storage.router
2026-02-23 04:41:50,318 - main - INFO - Included router: routers.user.router
2026-02-23 04:41:50,319 - main - INFO - === Application startup initiated ===
2026-02-23 04:41:50,319 - services.database - DEBUG - [DB_OP] Starting database initialization
2026-02-23 04:41:50,319 - services.database - INFO - 🔧 Starting database initialization...
2026-02-23 04:41:50,319 - core.database - INFO - Starting database initialization...
2026-02-23 04:41:50,319 - core.config - DEBUG - Read dynamic attribute database_url from environment variable DATABASE_URL
2026-02-23 04:41:50,319 - core.database - INFO - Normalizing database URL for async compatibility...
2026-02-23 04:41:50,320 - core.database - INFO - Creating async database engine...
2026-02-23 04:41:50,320 - core.database - INFO - Using QueuePool with connection pooling for non-Lambda environment
2026-02-23 04:41:50,360 - core.database - INFO - Database engine created successfully
2026-02-23 04:41:50,361 - core.database - INFO - Creating async session maker...
2026-02-23 04:41:50,361 - core.database - INFO - Async session maker created successfully
2026-02-23 04:41:50,361 - core.database - INFO - Database connection initialized successfully
2026-02-23 04:41:50,361 - services.database - INFO - 🔧 Database connection initialized, now creating tables if tables not exist...
2026-02-23 04:41:50,361 - core.database - DEBUG - [DB_OP] Starting create_tables
2026-02-23 04:41:50,361 - core.database - INFO - 🔧 Starting table creation...
2026-02-23 04:41:51,629 - core.database - INFO - Tables initialized successfully
2026-02-23 04:41:51,630 - core.database - DEBUG - [DB_OP] Create tables completed in 1.2685s
2026-02-23 04:41:51,691 - services.database - INFO - 🔧 Table creation completed
2026-02-23 04:41:51,691 - services.database - INFO - Database initialized successfully
2026-02-23 04:41:51,691 - services.database - DEBUG - [DB_OP] Database initialization completed in 1.3722s
2026-02-23 04:41:51,691 - services.mock_data - INFO - mock_data directory not found, skipping mock initialization
2026-02-23 04:41:51,691 - services.database - DEBUG - [DB_OP] Starting database initialization
2026-02-23 04:41:51,692 - services.database - INFO - 🔧 Starting database initialization...
2026-02-23 04:41:51,692 - core.database - INFO - Starting database initialization...
2026-02-23 04:41:51,692 - core.database - INFO - Database already initialized
2026-02-23 04:41:51,692 - services.database - INFO - 🔧 Database connection initialized, now creating tables if tables not exist...
2026-02-23 04:41:51,692 - core.database - DEBUG - [DB_OP] Starting create_tables
2026-02-23 04:41:51,692 - core.database - INFO - Tables already initialized
2026-02-23 04:41:51,692 - services.database - INFO - 🔧 Table creation completed
2026-02-23 04:41:51,692 - services.database - INFO - Database initialized successfully
2026-02-23 04:41:51,692 - services.database - DEBUG - [DB_OP] Database initialization completed in 0.0009s
2026-02-23 04:41:51,692 - core.config - DEBUG - Read dynamic attribute admin_user_id from environment variable ADMIN_USER_ID
2026-02-23 04:41:51,692 - core.config - DEBUG - Read dynamic attribute admin_user_email from environment variable ADMIN_USER_EMAIL
2026-02-23 04:41:52,125 - services.auth - DEBUG - Admin user 983530 already exists
2026-02-23 04:41:52,187 - main - INFO - === Application startup completed successfully ===
2026-02-23 04:41:57,203 - services.database - DEBUG - [DB_OP] Starting database close
2026-02-23 04:41:57,267 - core.database - INFO - Database connection closed and engine disposed
2026-02-23 04:41:57,267 - services.database - INFO - Database connections closed
2026-02-23 04:41:57,267 - services.database - DEBUG - [DB_OP] Database close completed in 0.0646s
