2026-02-23 10:05:02,629 - main - INFO - === Logging system initialized ===
2026-02-23 10:05:02,629 - main - INFO - Log file: logs/app_20260223_100502.log
2026-02-23 10:05:02,629 - main - INFO - Log level: INFO
2026-02-23 10:05:02,629 - main - INFO - Timestamp: 20260223_100502
2026-02-23 10:05:03,343 - main - INFO - Included router: routers.aihub.router
2026-02-23 10:05:03,368 - main - INFO - Included router: routers.auth.router
2026-02-23 10:05:03,370 - main - INFO - Included router: routers.health.router
2026-02-23 10:05:03,397 - main - INFO - Included router: routers.settings.router
2026-02-23 10:05:03,531 - main - INFO - Included router: routers.storage.router
2026-02-23 10:05:03,542 - main - INFO - Included router: routers.user.router
2026-02-23 10:05:03,543 - main - INFO - === Application startup initiated ===
2026-02-23 10:05:03,544 - services.database - DEBUG - [DB_OP] Starting database initialization
2026-02-23 10:05:03,544 - services.database - INFO - 🔧 Starting database initialization...
2026-02-23 10:05:03,544 - core.database - INFO - Starting database initialization...
2026-02-23 10:05:03,544 - core.config - DEBUG - Read dynamic attribute database_url from environment variable DATABASE_URL
2026-02-23 10:05:03,544 - core.database - INFO - Normalizing database URL for async compatibility...
2026-02-23 10:05:03,545 - core.database - INFO - Creating async database engine...
2026-02-23 10:05:03,545 - core.database - INFO - Using QueuePool with connection pooling for non-Lambda environment
2026-02-23 10:05:03,598 - core.database - INFO - Database engine created successfully
2026-02-23 10:05:03,598 - core.database - INFO - Creating async session maker...
2026-02-23 10:05:03,598 - core.database - INFO - Async session maker created successfully
2026-02-23 10:05:03,598 - core.database - INFO - Database connection initialized successfully
2026-02-23 10:05:03,598 - services.database - INFO - 🔧 Database connection initialized, now creating tables if tables not exist...
2026-02-23 10:05:03,598 - core.database - DEBUG - [DB_OP] Starting create_tables
2026-02-23 10:05:03,599 - core.database - INFO - 🔧 Starting table creation...
2026-02-23 10:05:05,305 - core.database - INFO - Tables initialized successfully
2026-02-23 10:05:05,306 - core.database - DEBUG - [DB_OP] Create tables completed in 1.7072s
2026-02-23 10:05:05,368 - services.database - INFO - 🔧 Table creation completed
2026-02-23 10:05:05,369 - services.database - INFO - Database initialized successfully
2026-02-23 10:05:05,369 - services.database - DEBUG - [DB_OP] Database initialization completed in 1.8253s
2026-02-23 10:05:05,369 - services.mock_data - INFO - mock_data directory not found, skipping mock initialization
2026-02-23 10:05:05,369 - services.database - DEBUG - [DB_OP] Starting database initialization
2026-02-23 10:05:05,369 - services.database - INFO - 🔧 Starting database initialization...
2026-02-23 10:05:05,370 - core.database - INFO - Starting database initialization...
2026-02-23 10:05:05,370 - core.database - INFO - Database already initialized
2026-02-23 10:05:05,371 - services.database - INFO - 🔧 Database connection initialized, now creating tables if tables not exist...
2026-02-23 10:05:05,371 - core.database - DEBUG - [DB_OP] Starting create_tables
2026-02-23 10:05:05,371 - core.database - INFO - Tables already initialized
2026-02-23 10:05:05,372 - services.database - INFO - 🔧 Table creation completed
2026-02-23 10:05:05,372 - services.database - INFO - Database initialized successfully
2026-02-23 10:05:05,372 - services.database - DEBUG - [DB_OP] Database initialization completed in 0.0024s
2026-02-23 10:05:05,372 - core.config - DEBUG - Read dynamic attribute admin_user_id from environment variable ADMIN_USER_ID
2026-02-23 10:05:05,372 - core.config - DEBUG - Read dynamic attribute admin_user_email from environment variable ADMIN_USER_EMAIL
2026-02-23 10:05:05,823 - services.auth - DEBUG - Admin user 983530 already exists
2026-02-23 10:05:05,886 - main - INFO - === Application startup completed successfully ===
2026-02-23 10:09:27,205 - services.database - DEBUG - [DB_OP] Starting database close
2026-02-23 10:09:27,272 - core.database - INFO - Database connection closed and engine disposed
2026-02-23 10:09:27,272 - services.database - INFO - Database connections closed
2026-02-23 10:09:27,272 - services.database - DEBUG - [DB_OP] Database close completed in 0.0674s
